
*** Running vivado
    with args -log system_proc_sys_reset_0_0.vds -m64 -product Vivado -mode batch -messageDb vivado.pb -notrace -source system_proc_sys_reset_0_0.tcl


****** Vivado v2022.2 (64-bit)
  **** SW Build 3671981 on Fri Oct 14 04:59:54 MDT 2022
  **** IP Build 3669848 on Fri Oct 14 08:30:02 MDT 2022
    ** Copyright 1986-2022 Xilinx, Inc. All Rights Reserved.

source system_proc_sys_reset_0_0.tcl -notrace
create_project: Time (s): cpu = 00:00:05 ; elapsed = 00:00:06 . Memory (MB): peak = 1267.395 ; gain = 0.023 ; free physical = 125 ; free virtual = 3025
INFO: [IP_Flow 19-234] Refreshing IP repositories
INFO: [IP_Flow 19-1700] Loaded user IP repository '/home/ranjithgowda/Documents/FPGA/Projects/ip_repo/gpio_1_0'.
INFO: [IP_Flow 19-2313] Loaded Vivado IP repository '/home/ranjithgowda/Vivado/2022.2/data/ip'.
INFO: [IP_Flow 19-6924] IPCACHE: Running cache check for IP inst: system_proc_sys_reset_0_0
Command: synth_design -top system_proc_sys_reset_0_0 -part xc7z007sclg400-1 -incremental_mode off -mode out_of_context
Starting synth_design
Attempting to get a license for feature 'Synthesis' and/or device 'xc7z007s'
INFO: [Common 17-349] Got license for feature 'Synthesis' and/or device 'xc7z007s'
INFO: [Device 21-403] Loading part xc7z007sclg400-1
INFO: [Synth 8-7079] Multithreading enabled for synth_design using a maximum of 4 processes.
INFO: [Synth 8-7078] Launching helper process for spawning children vivado processes
INFO: [Synth 8-7075] Helper process launched with PID 37415
INFO: [Synth 8-11241] undeclared symbol 'REGCCE', assumed default net type 'wire' [/home/ranjithgowda/Vivado/2022.2/data/verilog/src/unimacro/BRAM_SINGLE_MACRO.v:2170]
---------------------------------------------------------------------------------
Starting RTL Elaboration : Time (s): cpu = 00:00:07 ; elapsed = 00:03:05 . Memory (MB): peak = 1937.688 ; gain = 371.801 ; free physical = 207 ; free virtual = 1091
Synthesis current peak Physical Memory [PSS] (MB): peak = 1193.027; parent = 978.016; children = 234.103
Synthesis current peak Virtual Memory [VSS] (MB): peak = 2945.785; parent = 1940.660; children = 1005.125
---------------------------------------------------------------------------------
INFO: [Synth 8-638] synthesizing module 'system_proc_sys_reset_0_0' [/home/ranjithgowda/Documents/FPGA/Projects/gpio/gpio.gen/sources_1/bd/system/ip/system_proc_sys_reset_0_0/synth/system_proc_sys_reset_0_0.vhd:74]
	Parameter C_FAMILY bound to: zynq - type: string 
	Parameter C_EXT_RST_WIDTH bound to: 4 - type: integer 
	Parameter C_AUX_RST_WIDTH bound to: 4 - type: integer 
	Parameter C_EXT_RESET_HIGH bound to: 1'b0 
	Parameter C_AUX_RESET_HIGH bound to: 1'b0 
	Parameter C_NUM_BUS_RST bound to: 1 - type: integer 
	Parameter C_NUM_PERP_RST bound to: 1 - type: integer 
	Parameter C_NUM_INTERCONNECT_ARESETN bound to: 1 - type: integer 
	Parameter C_NUM_PERP_ARESETN bound to: 1 - type: integer 
INFO: [Synth 8-3491] module 'proc_sys_reset' declared at '/home/ranjithgowda/Documents/FPGA/Projects/gpio/gpio.gen/sources_1/bd/system/ipshared/8842/hdl/proc_sys_reset_v5_0_vh_rfs.vhd:1264' bound to instance 'U0' of component 'proc_sys_reset' [/home/ranjithgowda/Documents/FPGA/Projects/gpio/gpio.gen/sources_1/bd/system/ip/system_proc_sys_reset_0_0/synth/system_proc_sys_reset_0_0.vhd:129]
INFO: [Synth 8-638] synthesizing module 'proc_sys_reset' [/home/ranjithgowda/Documents/FPGA/Projects/gpio/gpio.gen/sources_1/bd/system/ipshared/8842/hdl/proc_sys_reset_v5_0_vh_rfs.vhd:1323]
	Parameter INIT bound to: 1'b1 
INFO: [Synth 8-113] binding component instance 'FDRE_inst' to cell 'FDRE' [/home/ranjithgowda/Documents/FPGA/Projects/gpio/gpio.gen/sources_1/bd/system/ipshared/8842/hdl/proc_sys_reset_v5_0_vh_rfs.vhd:1392]
	Parameter INIT bound to: 1'b1 
INFO: [Synth 8-113] binding component instance 'FDRE_BSR' to cell 'FDRE' [/home/ranjithgowda/Documents/FPGA/Projects/gpio/gpio.gen/sources_1/bd/system/ipshared/8842/hdl/proc_sys_reset_v5_0_vh_rfs.vhd:1408]
	Parameter INIT bound to: 1'b0 
INFO: [Synth 8-113] binding component instance 'FDRE_BSR_N' to cell 'FDRE' [/home/ranjithgowda/Documents/FPGA/Projects/gpio/gpio.gen/sources_1/bd/system/ipshared/8842/hdl/proc_sys_reset_v5_0_vh_rfs.vhd:1434]
	Parameter INIT bound to: 1'b1 
INFO: [Synth 8-113] binding component instance 'FDRE_PER' to cell 'FDRE' [/home/ranjithgowda/Documents/FPGA/Projects/gpio/gpio.gen/sources_1/bd/system/ipshared/8842/hdl/proc_sys_reset_v5_0_vh_rfs.vhd:1457]
	Parameter INIT bound to: 1'b0 
INFO: [Synth 8-113] binding component instance 'FDRE_PER_N' to cell 'FDRE' [/home/ranjithgowda/Documents/FPGA/Projects/gpio/gpio.gen/sources_1/bd/system/ipshared/8842/hdl/proc_sys_reset_v5_0_vh_rfs.vhd:1481]
INFO: [Synth 8-638] synthesizing module 'lpf' [/home/ranjithgowda/Documents/FPGA/Projects/gpio/gpio.gen/sources_1/bd/system/ipshared/8842/hdl/proc_sys_reset_v5_0_vh_rfs.vhd:816]
INFO: [Synth 8-3491] module 'SRL16' declared at '/home/ranjithgowda/Vivado/2022.2/scripts/rt/data/unisim_comp.v:131628' bound to instance 'POR_SRL_I' of component 'SRL16' [/home/ranjithgowda/Documents/FPGA/Projects/gpio/gpio.gen/sources_1/bd/system/ipshared/8842/hdl/proc_sys_reset_v5_0_vh_rfs.vhd:868]
INFO: [Synth 8-6157] synthesizing module 'SRL16' [/home/ranjithgowda/Vivado/2022.2/scripts/rt/data/unisim_comp.v:131628]
INFO: [Synth 8-6155] done synthesizing module 'SRL16' (0#1) [/home/ranjithgowda/Vivado/2022.2/scripts/rt/data/unisim_comp.v:131628]
INFO: [Synth 8-638] synthesizing module 'cdc_sync' [/home/ranjithgowda/Documents/FPGA/Projects/gpio/gpio.gen/sources_1/bd/system/ipshared/ef1e/hdl/lib_cdc_v1_0_rfs.vhd:106]
	Parameter INIT bound to: 1'b0 
INFO: [Synth 8-113] binding component instance 'CROSS_PLEVEL_IN2SCNDRY_IN_cdc_to' to cell 'FDR' [/home/ranjithgowda/Documents/FPGA/Projects/gpio/gpio.gen/sources_1/bd/system/ipshared/ef1e/hdl/lib_cdc_v1_0_rfs.vhd:514]
	Parameter INIT bound to: 1'b0 
INFO: [Synth 8-113] binding component instance 'CROSS_PLEVEL_IN2SCNDRY_s_level_out_d2' to cell 'FDR' [/home/ranjithgowda/Documents/FPGA/Projects/gpio/gpio.gen/sources_1/bd/system/ipshared/ef1e/hdl/lib_cdc_v1_0_rfs.vhd:545]
	Parameter INIT bound to: 1'b0 
INFO: [Synth 8-113] binding component instance 'CROSS_PLEVEL_IN2SCNDRY_s_level_out_d3' to cell 'FDR' [/home/ranjithgowda/Documents/FPGA/Projects/gpio/gpio.gen/sources_1/bd/system/ipshared/ef1e/hdl/lib_cdc_v1_0_rfs.vhd:554]
	Parameter INIT bound to: 1'b0 
INFO: [Synth 8-113] binding component instance 'CROSS_PLEVEL_IN2SCNDRY_s_level_out_d4' to cell 'FDR' [/home/ranjithgowda/Documents/FPGA/Projects/gpio/gpio.gen/sources_1/bd/system/ipshared/ef1e/hdl/lib_cdc_v1_0_rfs.vhd:564]
	Parameter INIT bound to: 1'b0 
INFO: [Synth 8-113] binding component instance 'CROSS_PLEVEL_IN2SCNDRY_s_level_out_d5' to cell 'FDR' [/home/ranjithgowda/Documents/FPGA/Projects/gpio/gpio.gen/sources_1/bd/system/ipshared/ef1e/hdl/lib_cdc_v1_0_rfs.vhd:574]
	Parameter INIT bound to: 1'b0 
INFO: [Synth 8-113] binding component instance 'CROSS_PLEVEL_IN2SCNDRY_s_level_out_d6' to cell 'FDR' [/home/ranjithgowda/Documents/FPGA/Projects/gpio/gpio.gen/sources_1/bd/system/ipshared/ef1e/hdl/lib_cdc_v1_0_rfs.vhd:584]
INFO: [Synth 8-256] done synthesizing module 'cdc_sync' (0#1) [/home/ranjithgowda/Documents/FPGA/Projects/gpio/gpio.gen/sources_1/bd/system/ipshared/ef1e/hdl/lib_cdc_v1_0_rfs.vhd:106]
INFO: [Synth 8-256] done synthesizing module 'lpf' (0#1) [/home/ranjithgowda/Documents/FPGA/Projects/gpio/gpio.gen/sources_1/bd/system/ipshared/8842/hdl/proc_sys_reset_v5_0_vh_rfs.vhd:816]
INFO: [Synth 8-638] synthesizing module 'sequence_psr' [/home/ranjithgowda/Documents/FPGA/Projects/gpio/gpio.gen/sources_1/bd/system/ipshared/8842/hdl/proc_sys_reset_v5_0_vh_rfs.vhd:301]
INFO: [Synth 8-638] synthesizing module 'upcnt_n' [/home/ranjithgowda/Documents/FPGA/Projects/gpio/gpio.gen/sources_1/bd/system/ipshared/8842/hdl/proc_sys_reset_v5_0_vh_rfs.vhd:125]
INFO: [Synth 8-256] done synthesizing module 'upcnt_n' (0#1) [/home/ranjithgowda/Documents/FPGA/Projects/gpio/gpio.gen/sources_1/bd/system/ipshared/8842/hdl/proc_sys_reset_v5_0_vh_rfs.vhd:125]
INFO: [Synth 8-256] done synthesizing module 'sequence_psr' (0#1) [/home/ranjithgowda/Documents/FPGA/Projects/gpio/gpio.gen/sources_1/bd/system/ipshared/8842/hdl/proc_sys_reset_v5_0_vh_rfs.vhd:301]
INFO: [Synth 8-256] done synthesizing module 'proc_sys_reset' (0#1) [/home/ranjithgowda/Documents/FPGA/Projects/gpio/gpio.gen/sources_1/bd/system/ipshared/8842/hdl/proc_sys_reset_v5_0_vh_rfs.vhd:1323]
INFO: [Synth 8-256] done synthesizing module 'system_proc_sys_reset_0_0' (0#1) [/home/ranjithgowda/Documents/FPGA/Projects/gpio/gpio.gen/sources_1/bd/system/ip/system_proc_sys_reset_0_0/synth/system_proc_sys_reset_0_0.vhd:74]
WARNING: [Synth 8-7129] Port prmry_aclk in module cdc_sync is either unconnected or has no load
WARNING: [Synth 8-7129] Port prmry_resetn in module cdc_sync is either unconnected or has no load
WARNING: [Synth 8-7129] Port prmry_vect_in[1] in module cdc_sync is either unconnected or has no load
WARNING: [Synth 8-7129] Port prmry_vect_in[0] in module cdc_sync is either unconnected or has no load
WARNING: [Synth 8-7129] Port scndry_resetn in module cdc_sync is either unconnected or has no load
---------------------------------------------------------------------------------
Finished RTL Elaboration : Time (s): cpu = 00:00:09 ; elapsed = 00:03:08 . Memory (MB): peak = 2009.625 ; gain = 443.738 ; free physical = 419 ; free virtual = 1150
Synthesis current peak Physical Memory [PSS] (MB): peak = 1193.027; parent = 978.016; children = 234.103
Synthesis current peak Virtual Memory [VSS] (MB): peak = 3014.754; parent = 2009.629; children = 1005.125
---------------------------------------------------------------------------------
---------------------------------------------------------------------------------
Start Handling Custom Attributes
---------------------------------------------------------------------------------
---------------------------------------------------------------------------------
Finished Handling Custom Attributes : Time (s): cpu = 00:00:10 ; elapsed = 00:03:08 . Memory (MB): peak = 2027.438 ; gain = 461.551 ; free physical = 625 ; free virtual = 1373
Synthesis current peak Physical Memory [PSS] (MB): peak = 1193.027; parent = 978.016; children = 234.103
Synthesis current peak Virtual Memory [VSS] (MB): peak = 3032.566; parent = 2027.441; children = 1005.125
---------------------------------------------------------------------------------
---------------------------------------------------------------------------------
Finished RTL Optimization Phase 1 : Time (s): cpu = 00:00:10 ; elapsed = 00:03:08 . Memory (MB): peak = 2027.438 ; gain = 461.551 ; free physical = 621 ; free virtual = 1373
Synthesis current peak Physical Memory [PSS] (MB): peak = 1193.027; parent = 978.016; children = 234.103
Synthesis current peak Virtual Memory [VSS] (MB): peak = 3032.566; parent = 2027.441; children = 1005.125
---------------------------------------------------------------------------------
Netlist sorting complete. Time (s): cpu = 00:00:00 ; elapsed = 00:00:00 . Memory (MB): peak = 2033.375 ; gain = 0.000 ; free physical = 537 ; free virtual = 1346
INFO: [Netlist 29-17] Analyzing 13 Unisim elements for replacement
INFO: [Netlist 29-28] Unisim Transformation completed in 0 CPU seconds
INFO: [Project 1-570] Preparing netlist for logic optimization

Processing XDC Constraints
Initializing timing engine
Parsing XDC File [/home/ranjithgowda/Documents/FPGA/Projects/gpio/gpio.gen/sources_1/bd/system/ip/system_proc_sys_reset_0_0/system_proc_sys_reset_0_0_ooc.xdc] for cell 'U0'
Finished Parsing XDC File [/home/ranjithgowda/Documents/FPGA/Projects/gpio/gpio.gen/sources_1/bd/system/ip/system_proc_sys_reset_0_0/system_proc_sys_reset_0_0_ooc.xdc] for cell 'U0'
Parsing XDC File [/home/ranjithgowda/Documents/FPGA/Projects/gpio/gpio.gen/sources_1/bd/system/ip/system_proc_sys_reset_0_0/system_proc_sys_reset_0_0_board.xdc] for cell 'U0'
Finished Parsing XDC File [/home/ranjithgowda/Documents/FPGA/Projects/gpio/gpio.gen/sources_1/bd/system/ip/system_proc_sys_reset_0_0/system_proc_sys_reset_0_0_board.xdc] for cell 'U0'
Parsing XDC File [/home/ranjithgowda/Documents/FPGA/Projects/gpio/gpio.gen/sources_1/bd/system/ip/system_proc_sys_reset_0_0/system_proc_sys_reset_0_0.xdc] for cell 'U0'
Finished Parsing XDC File [/home/ranjithgowda/Documents/FPGA/Projects/gpio/gpio.gen/sources_1/bd/system/ip/system_proc_sys_reset_0_0/system_proc_sys_reset_0_0.xdc] for cell 'U0'
Parsing XDC File [/home/ranjithgowda/Documents/FPGA/Projects/gpio/gpio.runs/system_proc_sys_reset_0_0_synth_1/dont_touch.xdc]
Finished Parsing XDC File [/home/ranjithgowda/Documents/FPGA/Projects/gpio/gpio.runs/system_proc_sys_reset_0_0_synth_1/dont_touch.xdc]
Completed Processing XDC Constraints

Netlist sorting complete. Time (s): cpu = 00:00:00 ; elapsed = 00:00:00 . Memory (MB): peak = 2185.188 ; gain = 0.000 ; free physical = 127 ; free virtual = 1020
INFO: [Project 1-111] Unisim Transformation Summary:
  A total of 13 instances were transformed.
  FDR => FDRE: 12 instances
  SRL16 => SRL16E: 1 instance 

Constraint Validation Runtime : Time (s): cpu = 00:00:00.01 ; elapsed = 00:00:00.02 . Memory (MB): peak = 2185.188 ; gain = 0.000 ; free physical = 123 ; free virtual = 1019
INFO: [Designutils 20-5008] Incremental synthesis strategy off
INFO: [Synth 8-11241] undeclared symbol 'REGCCE', assumed default net type 'wire' [/home/ranjithgowda/Vivado/2022.2/data/verilog/src/unimacro/BRAM_SINGLE_MACRO.v:2170]
---------------------------------------------------------------------------------
Finished Constraint Validation : Time (s): cpu = 00:00:17 ; elapsed = 00:03:16 . Memory (MB): peak = 2185.188 ; gain = 619.301 ; free physical = 388 ; free virtual = 1291
Synthesis current peak Physical Memory [PSS] (MB): peak = 1193.027; parent = 1007.916; children = 234.103
Synthesis current peak Virtual Memory [VSS] (MB): peak = 3158.301; parent = 2153.176; children = 1005.125
---------------------------------------------------------------------------------
---------------------------------------------------------------------------------
Start Loading Part and Timing Information
---------------------------------------------------------------------------------
Loading part: xc7z007sclg400-1
---------------------------------------------------------------------------------
Finished Loading Part and Timing Information : Time (s): cpu = 00:00:17 ; elapsed = 00:03:16 . Memory (MB): peak = 2185.188 ; gain = 619.301 ; free physical = 384 ; free virtual = 1289
Synthesis current peak Physical Memory [PSS] (MB): peak = 1193.027; parent = 1007.916; children = 234.103
Synthesis current peak Virtual Memory [VSS] (MB): peak = 3158.301; parent = 2153.176; children = 1005.125
---------------------------------------------------------------------------------
---------------------------------------------------------------------------------
Start Applying 'set_property' XDC Constraints
---------------------------------------------------------------------------------
Applied set_property KEEP_HIERARCHY = SOFT for U0. (constraint file  /home/ranjithgowda/Documents/FPGA/Projects/gpio/gpio.runs/system_proc_sys_reset_0_0_synth_1/dont_touch.xdc, line 9).
---------------------------------------------------------------------------------
Finished applying 'set_property' XDC Constraints : Time (s): cpu = 00:00:17 ; elapsed = 00:03:16 . Memory (MB): peak = 2185.188 ; gain = 619.301 ; free physical = 384 ; free virtual = 1285
Synthesis current peak Physical Memory [PSS] (MB): peak = 1193.027; parent = 1007.916; children = 234.103
Synthesis current peak Virtual Memory [VSS] (MB): peak = 3158.301; parent = 2153.176; children = 1005.125
---------------------------------------------------------------------------------
---------------------------------------------------------------------------------
Finished RTL Optimization Phase 2 : Time (s): cpu = 00:00:17 ; elapsed = 00:03:16 . Memory (MB): peak = 2185.188 ; gain = 619.301 ; free physical = 447 ; free virtual = 1354
Synthesis current peak Physical Memory [PSS] (MB): peak = 1193.027; parent = 1007.916; children = 234.103
Synthesis current peak Virtual Memory [VSS] (MB): peak = 3158.301; parent = 2153.176; children = 1005.125
---------------------------------------------------------------------------------
---------------------------------------------------------------------------------
Start RTL Component Statistics 
---------------------------------------------------------------------------------
Detailed RTL Component Info : 
+---Adders : 
	   2 Input    6 Bit       Adders := 1     
+---Registers : 
	                6 Bit    Registers := 1     
	                3 Bit    Registers := 3     
	                1 Bit    Registers := 8     
+---Muxes : 
	   2 Input    6 Bit        Muxes := 1     
	   2 Input    1 Bit        Muxes := 1     
---------------------------------------------------------------------------------
Finished RTL Component Statistics 
---------------------------------------------------------------------------------
---------------------------------------------------------------------------------
Start Part Resource Summary
---------------------------------------------------------------------------------
Part Resources:
DSPs: 66 (col length:40)
BRAMs: 100 (col length: RAMB18 40 RAMB36 20)
---------------------------------------------------------------------------------
Finished Part Resource Summary
---------------------------------------------------------------------------------
---------------------------------------------------------------------------------
Start Cross Boundary and Area Optimization
---------------------------------------------------------------------------------
WARNING: [Synth 8-7080] Parallel synthesis criteria is not met
WARNING: [Synth 8-3332] Sequential element (EXT_LPF/ACTIVE_LOW_EXT.ACT_LO_EXT/GENERATE_LEVEL_P_S_CDC.SINGLE_BIT.CROSS_PLEVEL_IN2SCNDRY_s_level_out_d5) is unused and will be removed from module proc_sys_reset.
WARNING: [Synth 8-3332] Sequential element (EXT_LPF/ACTIVE_LOW_EXT.ACT_LO_EXT/GENERATE_LEVEL_P_S_CDC.SINGLE_BIT.CROSS_PLEVEL_IN2SCNDRY_s_level_out_d6) is unused and will be removed from module proc_sys_reset.
WARNING: [Synth 8-3332] Sequential element (EXT_LPF/ACTIVE_LOW_AUX.ACT_LO_AUX/GENERATE_LEVEL_P_S_CDC.SINGLE_BIT.CROSS_PLEVEL_IN2SCNDRY_s_level_out_d5) is unused and will be removed from module proc_sys_reset.
WARNING: [Synth 8-3332] Sequential element (EXT_LPF/ACTIVE_LOW_AUX.ACT_LO_AUX/GENERATE_LEVEL_P_S_CDC.SINGLE_BIT.CROSS_PLEVEL_IN2SCNDRY_s_level_out_d6) is unused and will be removed from module proc_sys_reset.
---------------------------------------------------------------------------------
Finished Cross Boundary and Area Optimization : Time (s): cpu = 00:00:18 ; elapsed = 00:03:18 . Memory (MB): peak = 2185.188 ; gain = 619.301 ; free physical = 326 ; free virtual = 1260
Synthesis current peak Physical Memory [PSS] (MB): peak = 1193.027; parent = 1007.916; children = 234.103
Synthesis current peak Virtual Memory [VSS] (MB): peak = 3158.301; parent = 2153.176; children = 1005.125
---------------------------------------------------------------------------------
---------------------------------------------------------------------------------
Start Applying XDC Timing Constraints
---------------------------------------------------------------------------------
---------------------------------------------------------------------------------
Finished Applying XDC Timing Constraints : Time (s): cpu = 00:00:33 ; elapsed = 00:03:33 . Memory (MB): peak = 2185.188 ; gain = 619.301 ; free physical = 128 ; free virtual = 1079
Synthesis current peak Physical Memory [PSS] (MB): peak = 1193.027; parent = 1065.444; children = 234.103
Synthesis current peak Virtual Memory [VSS] (MB): peak = 3158.301; parent = 2153.176; children = 1005.125
---------------------------------------------------------------------------------
---------------------------------------------------------------------------------
Start Timing Optimization
---------------------------------------------------------------------------------
---------------------------------------------------------------------------------
Finished Timing Optimization : Time (s): cpu = 00:00:33 ; elapsed = 00:03:33 . Memory (MB): peak = 2185.188 ; gain = 619.301 ; free physical = 141 ; free virtual = 1077
Synthesis current peak Physical Memory [PSS] (MB): peak = 1193.027; parent = 1065.675; children = 234.103
Synthesis current peak Virtual Memory [VSS] (MB): peak = 3158.301; parent = 2153.176; children = 1005.125
---------------------------------------------------------------------------------
---------------------------------------------------------------------------------
Start Technology Mapping
---------------------------------------------------------------------------------
---------------------------------------------------------------------------------
Finished Technology Mapping : Time (s): cpu = 00:00:34 ; elapsed = 00:03:35 . Memory (MB): peak = 2185.188 ; gain = 619.301 ; free physical = 144 ; free virtual = 1072
Synthesis current peak Physical Memory [PSS] (MB): peak = 1193.027; parent = 1065.928; children = 234.103
Synthesis current peak Virtual Memory [VSS] (MB): peak = 3158.301; parent = 2153.176; children = 1005.125
---------------------------------------------------------------------------------
---------------------------------------------------------------------------------
Start IO Insertion
---------------------------------------------------------------------------------
---------------------------------------------------------------------------------
Start Flattening Before IO Insertion
---------------------------------------------------------------------------------
---------------------------------------------------------------------------------
Finished Flattening Before IO Insertion
---------------------------------------------------------------------------------
---------------------------------------------------------------------------------
Start Final Netlist Cleanup
---------------------------------------------------------------------------------
---------------------------------------------------------------------------------
Finished Final Netlist Cleanup
---------------------------------------------------------------------------------
---------------------------------------------------------------------------------
Finished IO Insertion : Time (s): cpu = 00:01:07 ; elapsed = 00:04:10 . Memory (MB): peak = 2185.188 ; gain = 619.301 ; free physical = 121 ; free virtual = 704
Synthesis current peak Physical Memory [PSS] (MB): peak = 1193.027; parent = 1065.928; children = 234.103
Synthesis current peak Virtual Memory [VSS] (MB): peak = 3158.301; parent = 2153.176; children = 1005.125
---------------------------------------------------------------------------------
---------------------------------------------------------------------------------
Start Renaming Generated Instances
---------------------------------------------------------------------------------
---------------------------------------------------------------------------------
Finished Renaming Generated Instances : Time (s): cpu = 00:01:07 ; elapsed = 00:04:10 . Memory (MB): peak = 2185.188 ; gain = 619.301 ; free physical = 130 ; free virtual = 704
Synthesis current peak Physical Memory [PSS] (MB): peak = 1193.027; parent = 1065.928; children = 234.103
Synthesis current peak Virtual Memory [VSS] (MB): peak = 3158.301; parent = 2153.176; children = 1005.125
---------------------------------------------------------------------------------
---------------------------------------------------------------------------------
Start Rebuilding User Hierarchy
---------------------------------------------------------------------------------
---------------------------------------------------------------------------------
Finished Rebuilding User Hierarchy : Time (s): cpu = 00:01:07 ; elapsed = 00:04:10 . Memory (MB): peak = 2185.188 ; gain = 619.301 ; free physical = 131 ; free virtual = 705
Synthesis current peak Physical Memory [PSS] (MB): peak = 1193.027; parent = 1065.928; children = 234.103
Synthesis current peak Virtual Memory [VSS] (MB): peak = 3158.301; parent = 2153.176; children = 1005.125
---------------------------------------------------------------------------------
---------------------------------------------------------------------------------
Start Renaming Generated Ports
---------------------------------------------------------------------------------
---------------------------------------------------------------------------------
Finished Renaming Generated Ports : Time (s): cpu = 00:01:07 ; elapsed = 00:04:10 . Memory (MB): peak = 2185.188 ; gain = 619.301 ; free physical = 127 ; free virtual = 704
Synthesis current peak Physical Memory [PSS] (MB): peak = 1193.027; parent = 1065.928; children = 234.103
Synthesis current peak Virtual Memory [VSS] (MB): peak = 3158.301; parent = 2153.176; children = 1005.125
---------------------------------------------------------------------------------
---------------------------------------------------------------------------------
Start Handling Custom Attributes
---------------------------------------------------------------------------------
---------------------------------------------------------------------------------
Finished Handling Custom Attributes : Time (s): cpu = 00:01:07 ; elapsed = 00:04:10 . Memory (MB): peak = 2185.188 ; gain = 619.301 ; free physical = 125 ; free virtual = 705
Synthesis current peak Physical Memory [PSS] (MB): peak = 1193.027; parent = 1065.928; children = 234.103
Synthesis current peak Virtual Memory [VSS] (MB): peak = 3158.301; parent = 2153.176; children = 1005.125
---------------------------------------------------------------------------------
---------------------------------------------------------------------------------
Start Renaming Generated Nets
---------------------------------------------------------------------------------
---------------------------------------------------------------------------------
Finished Renaming Generated Nets : Time (s): cpu = 00:01:07 ; elapsed = 00:04:10 . Memory (MB): peak = 2185.188 ; gain = 619.301 ; free physical = 135 ; free virtual = 705
Synthesis current peak Physical Memory [PSS] (MB): peak = 1193.027; parent = 1065.928; children = 234.103
Synthesis current peak Virtual Memory [VSS] (MB): peak = 3158.301; parent = 2153.176; children = 1005.125
---------------------------------------------------------------------------------
---------------------------------------------------------------------------------
Start Writing Synthesis Report
---------------------------------------------------------------------------------

Report BlackBoxes: 
+-+--------------+----------+
| |BlackBox name |Instances |
+-+--------------+----------+
+-+--------------+----------+

Report Cell Usage: 
+------+------+------+
|      |Cell  |Count |
+------+------+------+
|1     |LUT1  |     5|
|2     |LUT2  |     9|
|3     |LUT3  |     1|
|4     |LUT4  |     6|
|5     |LUT5  |     3|
|6     |LUT6  |     1|
|7     |SRL16 |     1|
|8     |FDR   |     8|
|9     |FDRE  |    28|
|10    |FDSE  |     4|
+------+------+------+
---------------------------------------------------------------------------------
Finished Writing Synthesis Report : Time (s): cpu = 00:01:07 ; elapsed = 00:04:10 . Memory (MB): peak = 2185.188 ; gain = 619.301 ; free physical = 122 ; free virtual = 706
Synthesis current peak Physical Memory [PSS] (MB): peak = 1193.027; parent = 1065.928; children = 234.103
Synthesis current peak Virtual Memory [VSS] (MB): peak = 3158.301; parent = 2153.176; children = 1005.125
---------------------------------------------------------------------------------
Synthesis finished with 0 errors, 0 critical warnings and 5 warnings.
Synthesis Optimization Runtime : Time (s): cpu = 00:01:04 ; elapsed = 00:04:08 . Memory (MB): peak = 2185.188 ; gain = 461.551 ; free physical = 153 ; free virtual = 760
Synthesis Optimization Complete : Time (s): cpu = 00:01:07 ; elapsed = 00:04:10 . Memory (MB): peak = 2185.188 ; gain = 619.301 ; free physical = 132 ; free virtual = 758
INFO: [Project 1-571] Translating synthesized netlist
Netlist sorting complete. Time (s): cpu = 00:00:00 ; elapsed = 00:00:00 . Memory (MB): peak = 2185.188 ; gain = 0.000 ; free physical = 110 ; free virtual = 751
INFO: [Netlist 29-17] Analyzing 9 Unisim elements for replacement
INFO: [Netlist 29-28] Unisim Transformation completed in 0 CPU seconds
INFO: [Project 1-570] Preparing netlist for logic optimization
INFO: [Opt 31-138] Pushed 0 inverter(s) to 0 load pin(s).
Netlist sorting complete. Time (s): cpu = 00:00:00 ; elapsed = 00:00:00 . Memory (MB): peak = 2185.188 ; gain = 0.000 ; free physical = 133 ; free virtual = 789
INFO: [Project 1-111] Unisim Transformation Summary:
  A total of 9 instances were transformed.
  FDR => FDRE: 8 instances
  SRL16 => SRL16E: 1 instance 

Synth Design complete, checksum: f120c67f
INFO: [Common 17-83] Releasing license: Synthesis
50 Infos, 10 Warnings, 0 Critical Warnings and 0 Errors encountered.
synth_design completed successfully
synth_design: Time (s): cpu = 00:01:17 ; elapsed = 00:04:16 . Memory (MB): peak = 2185.188 ; gain = 917.793 ; free physical = 286 ; free virtual = 995
INFO: [Common 17-1381] The checkpoint '/home/ranjithgowda/Documents/FPGA/Projects/gpio/gpio.runs/system_proc_sys_reset_0_0_synth_1/system_proc_sys_reset_0_0.dcp' has been generated.
INFO: [Coretcl 2-1648] Added synthesis output to IP cache for IP system_proc_sys_reset_0_0, cache-ID = 151bd091cefa6d3b
INFO: [Coretcl 2-1174] Renamed 6 cell refs.
INFO: [Common 17-1381] The checkpoint '/home/ranjithgowda/Documents/FPGA/Projects/gpio/gpio.runs/system_proc_sys_reset_0_0_synth_1/system_proc_sys_reset_0_0.dcp' has been generated.
INFO: [runtcl-4] Executing : report_utilization -file system_proc_sys_reset_0_0_utilization_synth.rpt -pb system_proc_sys_reset_0_0_utilization_synth.pb
INFO: [Common 17-206] Exiting Vivado at Wed Sep 20 16:40:57 2023...
