Copyright 1986-2022 Xilinx, Inc. All Rights Reserved.
------------------------------------------------------------------------------------
| Tool Version : Vivado v.2022.2 (lin64) Build 3671981 Fri Oct 14 04:59:54 MDT 2022
| Date         : Wed Nov 29 20:56:57 2023
| Host         : ranjithgowda-Surface-Laptop-3 running 64-bit Ubuntu 22.04.3 LTS
| Command      : upgrade_ip
| Device       : xc7z007sclg400-1
------------------------------------------------------------------------------------

Upgrade Log for IP 'system_wavegen_0_2'

1. Summary
----------

SUCCESS in the conversion of system_wavegen_0_2 (xilinx.com:user:wavegen:1.0 (Rev. 23)) to Vivado generation flows.






Copyright 1986-2022 Xilinx, Inc. All Rights Reserved.
------------------------------------------------------------------------------------
| Tool Version : Vivado v.2022.2 (lin64) Build 3671981 Fri Oct 14 04:59:54 MDT 2022
| Date         : Wed Nov 29 20:45:20 2023
| Host         : ranjithgowda-Surface-Laptop-3 running 64-bit Ubuntu 22.04.3 LTS
| Command      : upgrade_ip
| Device       : xc7z007sclg400-1
------------------------------------------------------------------------------------

Upgrade Log for IP 'system_wavegen_0_2'

1. Summary
----------

SUCCESS in the upgrade of system_wavegen_0_2 (xilinx.com:user:wavegen:1.0) from (Rev. 22) to (Rev. 23)






Copyright 1986-2022 Xilinx, Inc. All Rights Reserved.
------------------------------------------------------------------------------------
| Tool Version : Vivado v.2022.2 (win64) Build 3671981 Fri Oct 14 05:00:03 MDT 2022
| Date         : Sun Nov 26 14:11:25 2023
| Host         : LAPTOP-B754JH12 running 64-bit major release  (build 9200)
| Command      : upgrade_ip
| Device       : xc7z007sclg400-1
------------------------------------------------------------------------------------

Upgrade Log for IP 'system_wavegen_0_2'

1. Summary
----------

SUCCESS in the upgrade of system_wavegen_0_2 (xilinx.com:user:wavegen:1.0) from (Rev. 21) to (Rev. 22)






Copyright 1986-2022 Xilinx, Inc. All Rights Reserved.
------------------------------------------------------------------------------------
| Tool Version : Vivado v.2022.2 (win64) Build 3671981 Fri Oct 14 05:00:03 MDT 2022
| Date         : Sun Nov 26 12:56:40 2023
| Host         : LAPTOP-B754JH12 running 64-bit major release  (build 9200)
| Command      : upgrade_ip
| Device       : xc7z007sclg400-1
------------------------------------------------------------------------------------

Upgrade Log for IP 'system_wavegen_0_2'

1. Summary
----------

SUCCESS in the upgrade of system_wavegen_0_2 (xilinx.com:user:wavegen:1.0) from (Rev. 19) to (Rev. 21)






Copyright 1986-2022 Xilinx, Inc. All Rights Reserved.
------------------------------------------------------------------------------------
| Tool Version : Vivado v.2022.2 (win64) Build 3671981 Fri Oct 14 05:00:03 MDT 2022
| Date         : Sun Nov 26 12:41:52 2023
| Host         : LAPTOP-B754JH12 running 64-bit major release  (build 9200)
| Command      : upgrade_ip
| Device       : xc7z007sclg400-1
------------------------------------------------------------------------------------

Upgrade Log for IP 'system_wavegen_0_2'

1. Summary
----------

CAUTION (success, with warnings) in the upgrade of system_wavegen_0_2 (xilinx.com:user:wavegen:1.0) from (Rev. 18) to (Rev. 19)

After upgrade, an IP may have parameter and port differences compared to the original customization. Please review the parameters within the IP customization GUI to ensure proper functionality. Also, please review the updated IP instantiation template to ensure proper connectivity, and update your design if required.

2. Connection Warnings
----------------------

Detected external port differences while upgrading 'system_wavegen_0_2'. These changes may impact your design.


-Upgrade has removed port 'sclk'







Copyright 1986-2022 Xilinx, Inc. All Rights Reserved.
------------------------------------------------------------------------------------
| Tool Version : Vivado v.2022.2 (win64) Build 3671981 Fri Oct 14 05:00:03 MDT 2022
| Date         : Sun Nov 26 12:17:16 2023
| Host         : LAPTOP-B754JH12 running 64-bit major release  (build 9200)
| Command      : upgrade_ip
| Device       : xc7z007sclg400-1
------------------------------------------------------------------------------------

Upgrade Log for IP 'system_wavegen_0_2'

1. Summary
----------

SUCCESS in the upgrade of system_wavegen_0_2 (xilinx.com:user:wavegen:1.0) from (Rev. 17) to (Rev. 18)






Copyright 1986-2022 Xilinx, Inc. All Rights Reserved.
------------------------------------------------------------------------------------
| Tool Version : Vivado v.2022.2 (win64) Build 3671981 Fri Oct 14 05:00:03 MDT 2022
| Date         : Sun Nov 26 11:34:45 2023
| Host         : LAPTOP-B754JH12 running 64-bit major release  (build 9200)
| Command      : upgrade_ip
| Device       : xc7z007sclg400-1
------------------------------------------------------------------------------------

Upgrade Log for IP 'system_wavegen_0_2'

1. Summary
----------

SUCCESS in the upgrade of system_wavegen_0_2 (xilinx.com:user:wavegen:1.0) from (Rev. 16) to (Rev. 17)






Copyright 1986-2022 Xilinx, Inc. All Rights Reserved.
------------------------------------------------------------------------------------
| Tool Version : Vivado v.2022.2 (win64) Build 3671981 Fri Oct 14 05:00:03 MDT 2022
| Date         : Sun Nov 26 11:29:16 2023
| Host         : LAPTOP-B754JH12 running 64-bit major release  (build 9200)
| Command      : upgrade_ip
| Device       : xc7z007sclg400-1
------------------------------------------------------------------------------------

Upgrade Log for IP 'system_wavegen_0_2'

1. Summary
----------

SUCCESS in the upgrade of system_wavegen_0_2 (xilinx.com:user:wavegen:1.0) from (Rev. 15) to (Rev. 16)






Copyright 1986-2022 Xilinx, Inc. All Rights Reserved.
------------------------------------------------------------------------------------
| Tool Version : Vivado v.2022.2 (win64) Build 3671981 Fri Oct 14 05:00:03 MDT 2022
| Date         : Sun Nov 26 11:20:34 2023
| Host         : LAPTOP-B754JH12 running 64-bit major release  (build 9200)
| Command      : upgrade_ip
| Device       : xc7z007sclg400-1
------------------------------------------------------------------------------------

Upgrade Log for IP 'system_wavegen_0_2'

1. Summary
----------

SUCCESS in the upgrade of system_wavegen_0_2 (xilinx.com:user:wavegen:1.0) from (Rev. 14) to (Rev. 15)






Copyright 1986-2022 Xilinx, Inc. All Rights Reserved.
------------------------------------------------------------------------------------
| Tool Version : Vivado v.2022.2 (win64) Build 3671981 Fri Oct 14 05:00:03 MDT 2022
| Date         : Sun Nov 26 11:01:26 2023
| Host         : LAPTOP-B754JH12 running 64-bit major release  (build 9200)
| Command      : upgrade_ip
| Device       : xc7z007sclg400-1
------------------------------------------------------------------------------------

Upgrade Log for IP 'system_wavegen_0_2'

1. Summary
----------

SUCCESS in the upgrade of system_wavegen_0_2 (xilinx.com:user:wavegen:1.0) from (Rev. 13) to (Rev. 14)






Copyright 1986-2022 Xilinx, Inc. All Rights Reserved.
------------------------------------------------------------------------------------
| Tool Version : Vivado v.2022.2 (win64) Build 3671981 Fri Oct 14 05:00:03 MDT 2022
| Date         : Sat Nov 25 23:54:52 2023
| Host         : LAPTOP-B754JH12 running 64-bit major release  (build 9200)
| Command      : upgrade_ip
| Device       : xc7z007sclg400-1
------------------------------------------------------------------------------------

Upgrade Log for IP 'system_wavegen_0_2'

1. Summary
----------

SUCCESS in the upgrade of system_wavegen_0_2 (xilinx.com:user:wavegen:1.0) from (Rev. 10) to (Rev. 13)






Copyright 1986-2022 Xilinx, Inc. All Rights Reserved.
------------------------------------------------------------------------------------
| Tool Version : Vivado v.2022.2 (win64) Build 3671981 Fri Oct 14 05:00:03 MDT 2022
| Date         : Sat Nov 25 23:00:01 2023
| Host         : LAPTOP-B754JH12 running 64-bit major release  (build 9200)
| Command      : upgrade_ip
| Device       : xc7z007sclg400-1
------------------------------------------------------------------------------------

Upgrade Log for IP 'system_wavegen_0_2'

1. Summary
----------

SUCCESS in the conversion of system_wavegen_0_2 (xilinx.com:user:wavegen:1.0 (Rev. 10)) to Vivado generation flows.






Copyright 1986-2022 Xilinx, Inc. All Rights Reserved.
------------------------------------------------------------------------------------
| Tool Version : Vivado v.2022.2 (win64) Build 3671981 Fri Oct 14 05:00:03 MDT 2022
| Date         : Sat Nov 25 22:50:38 2023
| Host         : LAPTOP-B754JH12 running 64-bit major release  (build 9200)
| Command      : upgrade_ip
| Device       : xc7z007sclg400-1
------------------------------------------------------------------------------------

Upgrade Log for IP 'system_wavegen_0_2'

1. Summary
----------

SUCCESS in the upgrade of system_wavegen_0_2 (xilinx.com:user:wavegen:1.0) from (Rev. 9) to (Rev. 10)






Copyright 1986-2022 Xilinx, Inc. All Rights Reserved.
------------------------------------------------------------------------------------
| Tool Version : Vivado v.2022.2 (win64) Build 3671981 Fri Oct 14 05:00:03 MDT 2022
| Date         : Sat Nov 25 22:23:11 2023
| Host         : LAPTOP-B754JH12 running 64-bit major release  (build 9200)
| Command      : upgrade_ip
| Device       : xc7z007sclg400-1
------------------------------------------------------------------------------------

Upgrade Log for IP 'system_wavegen_0_2'

1. Summary
----------

SUCCESS in the upgrade of system_wavegen_0_2 (xilinx.com:user:wavegen:1.0) from (Rev. 8) to (Rev. 9)






Copyright 1986-2022 Xilinx, Inc. All Rights Reserved.
------------------------------------------------------------------------------------
| Tool Version : Vivado v.2022.2 (win64) Build 3671981 Fri Oct 14 05:00:03 MDT 2022
| Date         : Sat Nov 25 22:09:47 2023
| Host         : LAPTOP-B754JH12 running 64-bit major release  (build 9200)
| Command      : upgrade_ip
| Device       : xc7z007sclg400-1
------------------------------------------------------------------------------------

Upgrade Log for IP 'system_wavegen_0_2'

1. Summary
----------

SUCCESS in the upgrade of system_wavegen_0_2 (xilinx.com:user:wavegen:1.0) from (Rev. 7) to (Rev. 8)






Copyright 1986-2022 Xilinx, Inc. All Rights Reserved.
------------------------------------------------------------------------------------
| Tool Version : Vivado v.2022.2 (win64) Build 3671981 Fri Oct 14 05:00:03 MDT 2022
| Date         : Sat Nov 25 21:52:32 2023
| Host         : LAPTOP-B754JH12 running 64-bit major release  (build 9200)
| Command      : upgrade_ip
| Device       : xc7z007sclg400-1
------------------------------------------------------------------------------------

Upgrade Log for IP 'system_wavegen_0_2'

1. Summary
----------

SUCCESS in the upgrade of system_wavegen_0_2 (xilinx.com:user:wavegen:1.0) from (Rev. 6) to (Rev. 7)






Copyright 1986-2022 Xilinx, Inc. All Rights Reserved.
------------------------------------------------------------------------------------
| Tool Version : Vivado v.2022.2 (win64) Build 3671981 Fri Oct 14 05:00:03 MDT 2022
| Date         : Sat Nov 25 21:39:51 2023
| Host         : LAPTOP-B754JH12 running 64-bit major release  (build 9200)
| Command      : upgrade_ip
| Device       : xc7z007sclg400-1
------------------------------------------------------------------------------------

Upgrade Log for IP 'system_wavegen_0_2'

1. Summary
----------

SUCCESS in the upgrade of system_wavegen_0_2 (xilinx.com:user:wavegen:1.0) from (Rev. 5) to (Rev. 6)

