
*** Running vivado
    with args -log system_wavegen_0_2.vds -m64 -product Vivado -mode batch -messageDb vivado.pb -notrace -source system_wavegen_0_2.tcl


****** Vivado v2022.2 (64-bit)
  **** SW Build 3671981 on Fri Oct 14 04:59:54 MDT 2022
  **** IP Build 3669848 on Fri Oct 14 08:30:02 MDT 2022
    ** Copyright 1986-2022 Xilinx, Inc. All Rights Reserved.

source system_wavegen_0_2.tcl -notrace
INFO: [IP_Flow 19-234] Refreshing IP repositories
INFO: [IP_Flow 19-1700] Loaded user IP repository '/home/ranjithgowda/Documents/FPGA/Projects/R_Project_SOC/R_Project_SOC/Project/ip_repo/wavegen_1_0'.
WARNING: [IP_Flow 19-2248] Failed to load user IP repository '/home/ranjithgowda/Documents/FPGA/Projects/R_Project_SOC/R_Project_SOC/Project/ip_repo/gpio_1_0'; Can't find the specified path.
If this directory should no longer be in your list of user repositories, go to the IP Settings dialog and remove it.
INFO: [IP_Flow 19-2313] Loaded Vivado IP repository '/home/ranjithgowda/Vivado/2022.2/data/ip'.
INFO: [IP_Flow 19-6924] IPCACHE: Running cache check for IP inst: system_wavegen_0_2
Command: synth_design -top system_wavegen_0_2 -part xc7z007sclg400-1 -incremental_mode off -mode out_of_context
Starting synth_design
Attempting to get a license for feature 'Synthesis' and/or device 'xc7z007s'
INFO: [Common 17-349] Got license for feature 'Synthesis' and/or device 'xc7z007s'
INFO: [Device 21-403] Loading part xc7z007sclg400-1
INFO: [Synth 8-7079] Multithreading enabled for synth_design using a maximum of 4 processes.
INFO: [Synth 8-7078] Launching helper process for spawning children vivado processes
INFO: [Synth 8-7075] Helper process launched with PID 83979
INFO: [Synth 8-11241] undeclared symbol 'REGCCE', assumed default net type 'wire' [/home/ranjithgowda/Vivado/2022.2/data/verilog/src/unimacro/BRAM_SINGLE_MACRO.v:2170]
---------------------------------------------------------------------------------
Starting RTL Elaboration : Time (s): cpu = 00:00:05 ; elapsed = 00:00:05 . Memory (MB): peak = 1943.641 ; gain = 370.770 ; free physical = 160 ; free virtual = 2366
Synthesis current peak Physical Memory [PSS] (MB): peak = 1373.851; parent = 1167.793; children = 206.058
Synthesis current peak Virtual Memory [VSS] (MB): peak = 2907.762; parent = 1946.613; children = 961.148
---------------------------------------------------------------------------------
